<?xml version="1.0" encoding="UTF-8"?>
<testng-results ignored="0" total="1" passed="1" failed="0" skipped="0">
  <reporter-output>
  </reporter-output>
  <suite started-at="2023-09-27T13:14:51 IST" name="Default suite" finished-at="2023-09-27T13:15:15 IST" duration-ms="24256">
    <groups>
    </groups>
    <test started-at="2023-09-27T13:14:51 IST" name="Default test" finished-at="2023-09-27T13:15:15 IST" duration-ms="24256">
      <class name="org.ictak.scripts.TestClass">
        <test-method is-config="true" signature="setUp()[pri:0, instance:org.ictak.scripts.TestClass@689604d9]" started-at="2023-09-27T13:14:51 IST" name="setUp" finished-at="2023-09-27T13:14:59 IST" duration-ms="8372" status="PASS">
          <reporter-output>
          </reporter-output>
        </test-method> <!-- setUp -->
        <test-method signature="VerifyAdminToPlacement()[pri:0, instance:org.ictak.scripts.TestClass@689604d9]" started-at="2023-09-27T13:14:59 IST" name="VerifyAdminToPlacement" description="TestCase 32" finished-at="2023-09-27T13:15:12 IST" duration-ms="12622" status="PASS">
          <reporter-output>
          </reporter-output>
        </test-method> <!-- VerifyAdminToPlacement -->
        <test-method is-config="true" signature="afMethod()[pri:0, instance:org.ictak.scripts.TestClass@689604d9]" started-at="2023-09-27T13:15:12 IST" name="afMethod" finished-at="2023-09-27T13:15:15 IST" duration-ms="3193" status="PASS">
          <reporter-output>
          </reporter-output>
        </test-method> <!-- afMethod -->
      </class> <!-- org.ictak.scripts.TestClass -->
    </test> <!-- Default test -->
  </suite> <!-- Default suite -->
</testng-results>
